2026-04-29 04:43:13.864: [INFO] VisibilityChanged: 0
2026-04-29 04:43:13.913: [INFO] RecordSyncInitDuration has_sync_been_enabled: 0 state: 0
2026-04-29 04:43:13.914: [INFO] RecordSyncInitDuration has_sync_been_enabled: 0 state: 0
2026-04-29 04:43:13.916: [INFO] RecordSyncInitDuration has_sync_been_enabled: 0 state: 0
2026-04-29 04:43:13.918: [INFO] RecordSyncInitDuration has_sync_been_enabled: 0 state: 0
2026-04-29 04:43:13.919: [INFO] RecordSyncInitDuration has_sync_been_enabled: 0 state: 0
2026-04-29 04:43:13.921: [INFO] RecordSyncInitDuration has_sync_been_enabled: 0 state: 0
2026-04-29 04:43:13.922: [INFO] RecordSyncInitDuration has_sync_been_enabled: 0 state: 0
2026-04-29 04:43:13.923: [INFO] RecordSyncInitDuration has_sync_been_enabled: 0 state: 0
2026-04-29 04:43:13.925: [INFO] RecordSyncInitDuration has_sync_been_enabled: 0 state: 0
2026-04-29 04:43:13.926: [INFO] RecordSyncInitDuration has_sync_been_enabled: 0 state: 0
2026-04-29 04:43:13.927: [INFO] RecordSyncInitDuration has_sync_been_enabled: 0 state: 0
2026-04-29 04:43:13.929: [INFO] RecordSyncInitDuration has_sync_been_enabled: 0 state: 0
2026-04-29 04:43:13.966: [INFO] BookmarkNodeAdded, ABU: 0
2026-04-29 04:43:13.967: [INFO] BookmarkNodeAdded, ABU: 0
2026-04-29 04:43:13.968: [INFO] BookmarkNodeAdded, ABU: 0
2026-04-29 04:43:13.968: [INFO] BookmarkModelLoaded, ids_reassigned: 0
2026-04-29 04:43:13.968: [INFO] OnDoneLoading sync enabled: 0
2026-04-29 04:43:13.975: [INFO] RecordSyncInitDuration has_sync_been_enabled: 0 state: 0
2026-04-29 04:43:17.264: [INFO] RecordSyncInitDuration has_sync_been_enabled: 0 state: 0
2026-04-29 04:43:17.285: [INFO] RecordSyncInitDuration has_sync_been_enabled: 0 state: 3
2026-04-29 04:43:17.299: [INFO] Primary account changed.
2026-04-29 04:43:17.299: [INFO] OnPrimaryAccountChanged PrimaryAccountChangeEvent::Type::kSet
2026-04-29 04:43:17.307: [INFO] RecordSyncInitDuration has_sync_been_enabled: 0 state: 3
2026-04-29 04:43:17.347: [INFO] RecordSyncInitDuration has_sync_been_enabled: 0 state: 3
2026-04-29 04:43:20.930: [INFO] BookmarkNodeAdded, ABU: 0
2026-04-29 04:43:20.931: [INFO] BookmarkNodeAdded, ABU: 0
2026-04-29 04:43:20.932: [INFO] BookmarkNodeAdded, ABU: 0
2026-04-29 04:43:20.933: [INFO] BookmarkNodeAdded, ABU: 0
2026-04-29 04:43:20.933: [INFO] BookmarkNodeAdded, ABU: 0
2026-04-29 04:43:20.935: [INFO] BookmarkNodeAdded, ABU: 0
2026-04-29 04:43:20.936: [INFO] BookmarkNodeAdded, ABU: 0
2026-04-29 04:43:20.937: [INFO] BookmarkNodeAdded, ABU: 0
2026-04-29 04:43:23.331: [INFO] Sync initialization duration: 5761ms
