{"logTime": "0429/044318", "correlationVector":"JGU4jISzP0msXujQ26piyj.1","action":"SyncServerConnectionManagerRequest", "result":"SYNC_SERVER_OK", "context":{"environment":"Prod_southeastasia_prod-s01-064-apac-southeastasia", "migrationStage":"NotStarted", "server":"akswtt000000009"}}
{"logTime": "0429/044318", "correlationVector":"JGU4jISzP0msXujQ26piyj.2","action":"ProcessGetUpdates", "result":"Done", "context":{"dataType":"Encryption Keys", "deleted":"0", "process_failed_to_decrypt":"0", "process_pending_decryption":"0", "process_success":"1", "total":"1"}}
{"logTime": "0429/044319", "correlationVector":"NiIOSt3VaqJHb3aue5VDeg","action":"SyncServerConnectionManagerRequest", "result":"SYNC_SERVER_OK", "context":{"environment":"", "migrationStage":"", "server":""}}
{"logTime": "0429/044319", "correlationVector":"NiIOSt3VaqJHb3aue5VDeg.0","action":"EncryptionKeysFetcher.DownloadKeys:", "result":"Success", "context":Key count: 3, Last key timestamp: 2025-12-03T01:11:53Z}
{"logTime": "0429/044319", "correlationVector":"NiIOSt3VaqJHb3aue5VDeg.1","action":"EncryptionKeysManager::SetEncryptionKeys:", "result":"Success", "context":Key names[3]:[XxyDxbccPtac6dUMglvZxDouFKjN7GFItBx6T1/Q8wnBkZcFoF0yURJTm9/DGTEaNpKXxkQ3qYKLqr6NNjNN4Q==][Q7IFR6pbnyqj1HVmootmkDf6IavKy04vD8aI7R3iBMs0XZu01cLkub7itmqG2FMSpSbS0dy6APgkcjTzvjWzMQ==][2Py/5iqt5gSXWt9ZWU0m9mtuNq9Oja8yyIbsCzY62+bdWPbRurx4+zlyfJNJ2CIrbt4v6xJvdi8taA/+mAlYPQ==]}
{"logTime": "0429/044319", "correlationVector":"NiIOSt3VaqJHb3aue5VDeg.2","action":"EncryptionKeysManager::SetEncryptionKeysWithTimestamps:", "result":"Success", "context":Key timestamps[3]:[2025-05-29T00:13:08Z][2025-06-02T13:27:39Z][2025-12-03T01:11:53Z]}
{"logTime": "0429/044319", "correlationVector":"JGU4jISzP0msXujQ26piyj","action":"Initial GetUpdates", "result":"", "context":Reason: NEW_CLIENT. cV=JGU4jISzP0msXujQ26piyj}
{"logTime": "0429/044319", "correlationVector":"JGU4jISzP0msXujQ26piyj.3","action":"GetUpdates Response", "result":"Success", "context":Received 1 update(s). cV=JGU4jISzP0msXujQ26piyj.0;server=akswtt000000009;cloudType=Consumer;environment=Prod_southeastasia_prod-s01-064-apac-southeastasia;migrationStage=NotStarted}
{"logTime": "0429/044319", "correlationVector":"SXcPziS789AIRuhop/FdyZ","action":"Initial GetUpdates", "result":"", "context":Reason: NEWLY_SUPPORTED_DATATYPE. cV=SXcPziS789AIRuhop/FdyZ}
{"logTime": "0429/044320", "correlationVector":"SXcPziS789AIRuhop/FdyZ.1","action":"SyncServerConnectionManagerRequest", "result":"SYNC_SERVER_OK", "context":{"environment":"Prod_southeastasia_prod-s01-065-apac-southeastasia", "migrationStage":"NotStarted", "server":"akswtt00000000k"}}
{"logTime": "0429/044320", "correlationVector":"SXcPziS789AIRuhop/FdyZ.2","action":"ProcessGetUpdates", "result":"Done", "context":{"dataType":"Preferences", "deleted":"0", "process_failed_to_decrypt":"0", "process_pending_decryption":"0", "process_success":"52", "total":"52"}}
{"logTime": "0429/044320", "correlationVector":"SXcPziS789AIRuhop/FdyZ.3","action":"ProcessGetUpdates", "result":"Done", "context":{"dataType":"Passwords", "deleted":"0", "process_failed_to_decrypt":"0", "process_pending_decryption":"0", "process_success":"6", "total":"6"}}
{"logTime": "0429/044320", "correlationVector":"SXcPziS789AIRuhop/FdyZ.4","action":"ProcessGetUpdates", "result":"Done", "context":{"dataType":"Device Info", "deleted":"0", "process_failed_to_decrypt":"0", "process_pending_decryption":"0", "process_success":"13", "total":"13"}}
{"logTime": "0429/044320", "correlationVector":"SXcPziS789AIRuhop/FdyZ.5","action":"GetUpdates Response", "result":"Success", "context":Received 71 update(s). cV=SXcPziS789AIRuhop/FdyZ.0;server=akswtt00000000k;cloudType=Consumer;environment=Prod_southeastasia_prod-s01-065-apac-southeastasia;migrationStage=NotStarted}
{"logTime": "0429/044320", "correlationVector":"93IdKsqW3Pt1t+JSLnI5XP","action":"Initial GetUpdates", "result":"", "context":Reason: NEWLY_SUPPORTED_DATATYPE. cV=93IdKsqW3Pt1t+JSLnI5XP}
{"logTime": "0429/044320", "correlationVector":"93IdKsqW3Pt1t+JSLnI5XP.1","action":"SyncServerConnectionManagerRequest", "result":"SYNC_SERVER_OK", "context":{"environment":"Prod_southeastasia_prod-s01-065-apac-southeastasia", "migrationStage":"NotStarted", "server":"akswtt00000000t"}}
{"logTime": "0429/044320", "correlationVector":"93IdKsqW3Pt1t+JSLnI5XP.2","action":"ProcessGetUpdates", "result":"Done", "context":{"dataType":"Bookmarks", "deleted":"0", "process_failed_to_decrypt":"0", "process_pending_decryption":"0", "process_success":"14", "total":"14"}}
{"logTime": "0429/044320", "correlationVector":"93IdKsqW3Pt1t+JSLnI5XP.3","action":"GetUpdates Response", "result":"Success", "context":Received 14 update(s). cV=93IdKsqW3Pt1t+JSLnI5XP.0;server=akswtt00000000t;cloudType=Consumer;environment=Prod_southeastasia_prod-s01-065-apac-southeastasia;migrationStage=NotStarted}
{"logTime": "0429/044320", "correlationVector":"bQG7QL+NEq/ZPgbthw2i+3","action":"Initial GetUpdates", "result":"", "context":Reason: NEWLY_SUPPORTED_DATATYPE. cV=bQG7QL+NEq/ZPgbthw2i+3}
{"logTime": "0429/044321", "correlationVector":"bQG7QL+NEq/ZPgbthw2i+3.1","action":"SyncServerConnectionManagerRequest", "result":"SYNC_SERVER_OK", "context":{"environment":"Prod_southeastasia_prod-s01-065-apac-southeastasia", "migrationStage":"NotStarted", "server":"akswtt000000004"}}
{"logTime": "0429/044321", "correlationVector":"bQG7QL+NEq/ZPgbthw2i+3.2","action":"ProcessGetUpdates", "result":"Done", "context":{"dataType":"Autofill Profiles", "deleted":"0", "process_failed_to_decrypt":"0", "process_pending_decryption":"0", "process_success":"2", "total":"2"}}
{"logTime": "0429/044321", "correlationVector":"bQG7QL+NEq/ZPgbthw2i+3.3","action":"ProcessGetUpdates", "result":"Done", "context":{"dataType":"Autofill", "deleted":"0", "process_failed_to_decrypt":"0", "process_pending_decryption":"0", "process_success":"245", "total":"245"}}
{"logTime": "0429/044321", "correlationVector":"bQG7QL+NEq/ZPgbthw2i+3.4","action":"ProcessGetUpdates", "result":"Done", "context":{"dataType":"Extension settings", "deleted":"0", "process_failed_to_decrypt":"0", "process_pending_decryption":"0", "process_success":"3", "total":"3"}}
{"logTime": "0429/044321", "correlationVector":"bQG7QL+NEq/ZPgbthw2i+3.5","action":"GetUpdates Response", "result":"Success", "context":Received 250 update(s). cV=bQG7QL+NEq/ZPgbthw2i+3.0;server=akswtt000000004;cloudType=Consumer;environment=Prod_southeastasia_prod-s01-065-apac-southeastasia;migrationStage=NotStarted Some updates remain.}
{"logTime": "0429/044321", "correlationVector":"fyaoPLRHV5eJABqV8+FHZe","action":"Initial GetUpdates", "result":"", "context":Reason: NEWLY_SUPPORTED_DATATYPE. cV=fyaoPLRHV5eJABqV8+FHZe}
{"logTime": "0429/044322", "correlationVector":"fyaoPLRHV5eJABqV8+FHZe.1","action":"SyncServerConnectionManagerRequest", "result":"SYNC_SERVER_OK", "context":{"environment":"Prod_southeastasia_prod-s01-065-apac-southeastasia", "migrationStage":"NotStarted", "server":"akswtt00000000t"}}
{"logTime": "0429/044322", "correlationVector":"fyaoPLRHV5eJABqV8+FHZe.2","action":"ProcessGetUpdates", "result":"Done", "context":{"dataType":"Autofill Profiles", "deleted":"0", "process_failed_to_decrypt":"0", "process_pending_decryption":"0", "process_success":"2", "total":"2"}}
{"logTime": "0429/044322", "correlationVector":"fyaoPLRHV5eJABqV8+FHZe.3","action":"ProcessGetUpdates", "result":"Done", "context":{"dataType":"Autofill", "deleted":"0", "process_failed_to_decrypt":"0", "process_pending_decryption":"0", "process_success":"155", "total":"155"}}
{"logTime": "0429/044322", "correlationVector":"fyaoPLRHV5eJABqV8+FHZe.4","action":"ProcessGetUpdates", "result":"Done", "context":{"dataType":"Extensions", "deleted":"0", "process_failed_to_decrypt":"0", "process_pending_decryption":"0", "process_success":"1", "total":"1"}}
{"logTime": "0429/044322", "correlationVector":"fyaoPLRHV5eJABqV8+FHZe.5","action":"ProcessGetUpdates", "result":"Done", "context":{"dataType":"Sessions", "deleted":"85", "process_failed_to_decrypt":"0", "process_pending_decryption":"0", "process_success":"85", "total":"85"}}
{"logTime": "0429/044322", "correlationVector":"fyaoPLRHV5eJABqV8+FHZe.6","action":"ProcessGetUpdates", "result":"Done", "context":{"dataType":"Edge Hub App Usage", "deleted":"2", "process_failed_to_decrypt":"0", "process_pending_decryption":"0", "process_success":"7", "total":"7"}}
{"logTime": "0429/044322", "correlationVector":"fyaoPLRHV5eJABqV8+FHZe.7","action":"GetUpdates Response", "result":"Success", "context":Received 250 update(s). cV=fyaoPLRHV5eJABqV8+FHZe.0;server=akswtt00000000t;cloudType=Consumer;environment=Prod_southeastasia_prod-s01-065-apac-southeastasia;migrationStage=NotStarted Some updates remain.}
{"logTime": "0429/044322", "correlationVector":"J8q74ZZ8BclCBsgY8ej6pE","action":"Initial GetUpdates", "result":"", "context":Reason: NEWLY_SUPPORTED_DATATYPE. cV=J8q74ZZ8BclCBsgY8ej6pE}
{"logTime": "0429/044323", "correlationVector":"J8q74ZZ8BclCBsgY8ej6pE.1","action":"SyncServerConnectionManagerRequest", "result":"SYNC_SERVER_OK", "context":{"environment":"Prod_southeastasia_prod-s01-065-apac-southeastasia", "migrationStage":"NotStarted", "server":"akswtt00000000b"}}
{"logTime": "0429/044323", "correlationVector":"J8q74ZZ8BclCBsgY8ej6pE.2","action":"ProcessGetUpdates", "result":"Done", "context":{"dataType":"Extensions", "deleted":"0", "process_failed_to_decrypt":"0", "process_pending_decryption":"0", "process_success":"1", "total":"1"}}
{"logTime": "0429/044323", "correlationVector":"J8q74ZZ8BclCBsgY8ej6pE.3","action":"ProcessGetUpdates", "result":"Done", "context":{"dataType":"Sessions", "deleted":"67", "process_failed_to_decrypt":"0", "process_pending_decryption":"0", "process_success":"76", "total":"76"}}
{"logTime": "0429/044323", "correlationVector":"J8q74ZZ8BclCBsgY8ej6pE.4","action":"ProcessGetUpdates", "result":"Done", "context":{"dataType":"Edge Hub App Usage", "deleted":"0", "process_failed_to_decrypt":"0", "process_pending_decryption":"0", "process_success":"9", "total":"9"}}
{"logTime": "0429/044323", "correlationVector":"J8q74ZZ8BclCBsgY8ej6pE.5","action":"GetUpdates Response", "result":"Success", "context":Received 86 update(s). cV=J8q74ZZ8BclCBsgY8ej6pE.0;server=akswtt00000000b;cloudType=Consumer;environment=Prod_southeastasia_prod-s01-065-apac-southeastasia;migrationStage=NotStarted}
{"logTime": "0429/044323", "correlationVector":"x7rJGrc0T1b0mMujnerqr8","action":"Initial GetUpdates", "result":"", "context":Reason: NEWLY_SUPPORTED_DATATYPE. cV=x7rJGrc0T1b0mMujnerqr8}
{"logTime": "0429/044324", "correlationVector":"x7rJGrc0T1b0mMujnerqr8.1","action":"SyncServerConnectionManagerRequest", "result":"SYNC_SERVER_OK", "context":{"environment":"Prod_southeastasia_prod-s01-065-apac-southeastasia", "migrationStage":"NotStarted", "server":"akswtt00000000b"}}
{"logTime": "0429/044324", "correlationVector":"x7rJGrc0T1b0mMujnerqr8.2","action":"ProcessGetUpdates", "result":"Done", "context":{"dataType":"History", "deleted":"0", "process_failed_to_decrypt":"0", "process_pending_decryption":"0", "process_success":"250", "total":"250"}}
{"logTime": "0429/044324", "correlationVector":"x7rJGrc0T1b0mMujnerqr8.3","action":"GetUpdates Response", "result":"Success", "context":Received 250 update(s). cV=x7rJGrc0T1b0mMujnerqr8.0;server=akswtt00000000b;cloudType=Consumer;environment=Prod_southeastasia_prod-s01-065-apac-southeastasia;migrationStage=NotStarted Some updates remain.}
{"logTime": "0429/044324", "correlationVector":"nnoORvCuWP6DffORImQF0t","action":"Initial GetUpdates", "result":"", "context":Reason: NEWLY_SUPPORTED_DATATYPE. cV=nnoORvCuWP6DffORImQF0t}
{"logTime": "0429/044325", "correlationVector":"nnoORvCuWP6DffORImQF0t.1","action":"SyncServerConnectionManagerRequest", "result":"SYNC_SERVER_OK", "context":{"environment":"Prod_southeastasia_prod-s01-065-apac-southeastasia", "migrationStage":"NotStarted", "server":"akswtt000000007"}}
{"logTime": "0429/044325", "correlationVector":"nnoORvCuWP6DffORImQF0t.2","action":"ProcessGetUpdates", "result":"Done", "context":{"dataType":"History", "deleted":"0", "process_failed_to_decrypt":"0", "process_pending_decryption":"0", "process_success":"250", "total":"250"}}
{"logTime": "0429/044325", "correlationVector":"nnoORvCuWP6DffORImQF0t.3","action":"GetUpdates Response", "result":"Success", "context":Received 250 update(s). cV=nnoORvCuWP6DffORImQF0t.0;server=akswtt000000007;cloudType=Consumer;environment=Prod_southeastasia_prod-s01-065-apac-southeastasia;migrationStage=NotStarted Some updates remain.}
{"logTime": "0429/044325", "correlationVector":"/eMbt1N3tLKTU3a711znBB","action":"Initial GetUpdates", "result":"", "context":Reason: NEWLY_SUPPORTED_DATATYPE. cV=/eMbt1N3tLKTU3a711znBB}
{"logTime": "0429/044325", "correlationVector":"/eMbt1N3tLKTU3a711znBB.1","action":"SyncServerConnectionManagerRequest", "result":"SYNC_SERVER_OK", "context":{"environment":"Prod_southeastasia_prod-s01-065-apac-southeastasia", "migrationStage":"NotStarted", "server":"akswtt00000000d"}}
{"logTime": "0429/044325", "correlationVector":"/eMbt1N3tLKTU3a711znBB.2","action":"ProcessGetUpdates", "result":"Done", "context":{"dataType":"History", "deleted":"0", "process_failed_to_decrypt":"0", "process_pending_decryption":"0", "process_success":"250", "total":"250"}}
{"logTime": "0429/044325", "correlationVector":"/eMbt1N3tLKTU3a711znBB.3","action":"GetUpdates Response", "result":"Success", "context":Received 250 update(s). cV=/eMbt1N3tLKTU3a711znBB.0;server=akswtt00000000d;cloudType=Consumer;environment=Prod_southeastasia_prod-s01-065-apac-southeastasia;migrationStage=NotStarted Some updates remain.}
{"logTime": "0429/044325", "correlationVector":"3EieW+T+hThiDT8efeWyuJ","action":"Initial GetUpdates", "result":"", "context":Reason: NEWLY_SUPPORTED_DATATYPE. cV=3EieW+T+hThiDT8efeWyuJ}
{"logTime": "0429/044326", "correlationVector":"3EieW+T+hThiDT8efeWyuJ.1","action":"SyncServerConnectionManagerRequest", "result":"SYNC_SERVER_OK", "context":{"environment":"Prod_southeastasia_prod-s01-065-apac-southeastasia", "migrationStage":"NotStarted", "server":"akswtt000000007"}}
{"logTime": "0429/044326", "correlationVector":"3EieW+T+hThiDT8efeWyuJ.2","action":"ProcessGetUpdates", "result":"Done", "context":{"dataType":"History", "deleted":"0", "process_failed_to_decrypt":"0", "process_pending_decryption":"0", "process_success":"51", "total":"51"}}
{"logTime": "0429/044326", "correlationVector":"3EieW+T+hThiDT8efeWyuJ.3","action":"GetUpdates Response", "result":"Success", "context":Received 51 update(s). cV=3EieW+T+hThiDT8efeWyuJ.0;server=akswtt000000007;cloudType=Consumer;environment=Prod_southeastasia_prod-s01-065-apac-southeastasia;migrationStage=NotStarted}
{"logTime": "0429/044326", "correlationVector":"kVW5Dcv+q0WZH38nCpHBXg","action":"Normal GetUpdate request", "result":"", "context":cV=kVW5Dcv+q0WZH38nCpHBXg
Nudged types: Sessions, Device Info, User Consents, History, Edge Hub App Usage
Refresh requested types: Bookmarks, Preferences, Passwords, Autofill Profiles, Autofill, Extensions, Sessions, Extension settings, History Delete Directives, Device Info, User Consents, Send Tab To Self, Web Apps, History, Saved Tab Group, WebAuthn Credentials, Collection, Edge E Drop, Edge Hub App Usage, Edge Wallet, Edge Workspace, Encryption Keys}
{"logTime": "0429/044326", "correlationVector":"kVW5Dcv+q0WZH38nCpHBXg.1","action":"SyncServerConnectionManagerRequest", "result":"SYNC_SERVER_OK", "context":{"environment":"Prod_southeastasia_prod-s01-065-apac-southeastasia", "migrationStage":"NotStarted", "server":"akswtt00000000u"}}
{"logTime": "0429/044326", "correlationVector":"kVW5Dcv+q0WZH38nCpHBXg.2","action":"GetUpdates Response", "result":"Success", "context":Received 0 update(s). cV=kVW5Dcv+q0WZH38nCpHBXg.0;server=akswtt00000000u;cloudType=Consumer;environment=Prod_southeastasia_prod-s01-065-apac-southeastasia;migrationStage=NotStarted}
{"logTime": "0429/044326", "correlationVector":"V7WyGLmcJjjMP7KZjISW1c","action":"Commit Request", "result":"", "context":Item count: 7
Contributing types: Sessions, Device Info, User Consents, History, Edge Hub App Usage}
{"logTime": "0429/044327", "correlationVector":"V7WyGLmcJjjMP7KZjISW1c.1","action":"SyncServerConnectionManagerRequest", "result":"SYNC_SERVER_OK", "context":{"environment":"Prod_southeastasia_prod-s01-065-apac-southeastasia", "migrationStage":"NotStarted", "server":"akswtt00000000u"}}
{"logTime": "0429/044327", "correlationVector":"V7WyGLmcJjjMP7KZjISW1c.2","action":"Commit Response", "result":"Success", "context":Result: Success. cV=V7WyGLmcJjjMP7KZjISW1c.0;server=akswtt00000000u;cloudType=Consumer;environment=Prod_southeastasia_prod-s01-065-apac-southeastasia;migrationStage=NotStarted}
{"logTime": "0429/044413", "correlationVector":"oPMuYRymFU0IgcLnmHtrZl","action":"Commit Request", "result":"", "context":Item count: 4
Contributing types: Passwords, Sessions, History}
{"logTime": "0429/044414", "correlationVector":"oPMuYRymFU0IgcLnmHtrZl.1","action":"SyncServerConnectionManagerRequest", "result":"SYNC_SERVER_OK", "context":{"environment":"Prod_southeastasia_prod-s01-065-apac-southeastasia", "migrationStage":"NotStarted", "server":"akswtt00000000p"}}
{"logTime": "0429/044414", "correlationVector":"oPMuYRymFU0IgcLnmHtrZl.2","action":"Commit Response", "result":"Success", "context":Result: Success. cV=oPMuYRymFU0IgcLnmHtrZl.0;server=akswtt00000000p;cloudType=Consumer;environment=Prod_southeastasia_prod-s01-065-apac-southeastasia;migrationStage=NotStarted}
{"logTime": "0429/064006", "correlationVector":"eWRo+q4D+4G/SbY+b/4UdE.1","action":"SyncServerConnectionManagerRequest", "result":"SYNC_SERVER_OK", "context":{"environment":"Prod_southeastasia_prod-s01-065-apac-southeastasia", "migrationStage":"NotStarted", "server":"akswtt000000004"}}
{"logTime": "0429/064006", "correlationVector":"eWRo+q4D+4G/SbY+b/4UdE.2","action":"ProcessGetUpdates", "result":"Done", "context":{"dataType":"Encryption Keys", "deleted":"0", "process_failed_to_decrypt":"0", "process_pending_decryption":"0", "process_success":"1", "total":"1"}}
{"logTime": "0429/064007", "correlationVector":"oIcVD0zUMux249UyVugp0v","action":"SyncServerConnectionManagerRequest", "result":"SYNC_SERVER_OK", "context":{"environment":"", "migrationStage":"", "server":""}}
{"logTime": "0429/064007", "correlationVector":"oIcVD0zUMux249UyVugp0v.0","action":"EncryptionKeysFetcher.DownloadKeys:", "result":"Success", "context":Key count: 3, Last key timestamp: 2025-12-03T01:11:53Z}
{"logTime": "0429/064007", "correlationVector":"oIcVD0zUMux249UyVugp0v.1","action":"EncryptionKeysManager::SetEncryptionKeys:", "result":"Success", "context":Key names[3]:[XxyDxbccPtac6dUMglvZxDouFKjN7GFItBx6T1/Q8wnBkZcFoF0yURJTm9/DGTEaNpKXxkQ3qYKLqr6NNjNN4Q==][Q7IFR6pbnyqj1HVmootmkDf6IavKy04vD8aI7R3iBMs0XZu01cLkub7itmqG2FMSpSbS0dy6APgkcjTzvjWzMQ==][2Py/5iqt5gSXWt9ZWU0m9mtuNq9Oja8yyIbsCzY62+bdWPbRurx4+zlyfJNJ2CIrbt4v6xJvdi8taA/+mAlYPQ==]}
{"logTime": "0429/064007", "correlationVector":"oIcVD0zUMux249UyVugp0v.2","action":"EncryptionKeysManager::SetEncryptionKeysWithTimestamps:", "result":"Success", "context":Key timestamps[3]:[2025-05-29T00:13:08Z][2025-06-02T13:27:39Z][2025-12-03T01:11:53Z]}
{"logTime": "0429/064007", "correlationVector":"eWRo+q4D+4G/SbY+b/4UdE","action":"Initial GetUpdates", "result":"", "context":Reason: NEW_CLIENT. cV=eWRo+q4D+4G/SbY+b/4UdE}
{"logTime": "0429/064007", "correlationVector":"eWRo+q4D+4G/SbY+b/4UdE.3","action":"GetUpdates Response", "result":"Success", "context":Received 1 update(s). cV=eWRo+q4D+4G/SbY+b/4UdE.0;server=akswtt000000004;cloudType=Consumer;environment=Prod_southeastasia_prod-s01-065-apac-southeastasia;migrationStage=NotStarted}
{"logTime": "0429/064007", "correlationVector":"TX4gPQMm+fnUEFvopb00A0","action":"Initial GetUpdates", "result":"", "context":Reason: NEWLY_SUPPORTED_DATATYPE. cV=TX4gPQMm+fnUEFvopb00A0}
{"logTime": "0429/064007", "correlationVector":"TX4gPQMm+fnUEFvopb00A0.1","action":"SyncServerConnectionManagerRequest", "result":"SYNC_SERVER_OK", "context":{"environment":"Prod_southeastasia_prod-s01-065-apac-southeastasia", "migrationStage":"NotStarted", "server":"akswtt00000000e"}}
{"logTime": "0429/064007", "correlationVector":"TX4gPQMm+fnUEFvopb00A0.2","action":"ProcessGetUpdates", "result":"Done", "context":{"dataType":"Passwords", "deleted":"0", "process_failed_to_decrypt":"0", "process_pending_decryption":"0", "process_success":"6", "total":"6"}}
{"logTime": "0429/064007", "correlationVector":"TX4gPQMm+fnUEFvopb00A0.3","action":"GetUpdates Response", "result":"Success", "context":Received 6 update(s). cV=TX4gPQMm+fnUEFvopb00A0.0;server=akswtt00000000e;cloudType=Consumer;environment=Prod_southeastasia_prod-s01-065-apac-southeastasia;migrationStage=NotStarted}
{"logTime": "0429/064007", "correlationVector":"rBdk1sD3B3D9Xv/by0v1pN","action":"Normal GetUpdate request", "result":"", "context":cV=rBdk1sD3B3D9Xv/by0v1pN
Nudged types: Sessions, Device Info, History
Refresh requested types: Bookmarks, Preferences, Passwords, Autofill Profiles, Autofill, Extensions, Sessions, Extension settings, History Delete Directives, Device Info, User Consents, Send Tab To Self, Web Apps, History, Saved Tab Group, WebAuthn Credentials, Collection, Edge E Drop, Edge Hub App Usage, Edge Wallet, Edge Workspace, Encryption Keys}
{"logTime": "0429/064007", "correlationVector":"rBdk1sD3B3D9Xv/by0v1pN.1","action":"SyncServerConnectionManagerRequest", "result":"SYNC_SERVER_OK", "context":{"environment":"Prod_southeastasia_prod-s01-065-apac-southeastasia", "migrationStage":"NotStarted", "server":"akswtt00000000f"}}
{"logTime": "0429/064007", "correlationVector":"rBdk1sD3B3D9Xv/by0v1pN.2","action":"ProcessGetUpdates", "result":"Done", "context":{"dataType":"Sessions", "deleted":"0", "process_failed_to_decrypt":"0", "process_pending_decryption":"0", "process_success":"2", "total":"2"}}
{"logTime": "0429/064007", "correlationVector":"rBdk1sD3B3D9Xv/by0v1pN.3","action":"ProcessGetUpdates", "result":"Done", "context":{"dataType":"Device Info", "deleted":"0", "process_failed_to_decrypt":"0", "process_pending_decryption":"0", "process_success":"1", "total":"1"}}
{"logTime": "0429/064007", "correlationVector":"rBdk1sD3B3D9Xv/by0v1pN.4","action":"ProcessGetUpdates", "result":"Done", "context":{"dataType":"History", "deleted":"0", "process_failed_to_decrypt":"0", "process_pending_decryption":"0", "process_success":"1", "total":"1"}}
{"logTime": "0429/064007", "correlationVector":"rBdk1sD3B3D9Xv/by0v1pN.5","action":"ProcessGetUpdates", "result":"Done", "context":{"dataType":"Edge Hub App Usage", "deleted":"0", "process_failed_to_decrypt":"0", "process_pending_decryption":"0", "process_success":"2", "total":"2"}}
{"logTime": "0429/064007", "correlationVector":"rBdk1sD3B3D9Xv/by0v1pN.6","action":"GetUpdates Response", "result":"Success", "context":Received 6 update(s). cV=rBdk1sD3B3D9Xv/by0v1pN.0;server=akswtt00000000f;cloudType=Consumer;environment=Prod_southeastasia_prod-s01-065-apac-southeastasia;migrationStage=NotStarted}
{"logTime": "0429/064007", "correlationVector":"LrVq0lV90a/LwoCjRutmfg","action":"Commit Request", "result":"", "context":Item count: 5
Contributing types: Sessions, Device Info, History}
{"logTime": "0429/064008", "correlationVector":"LrVq0lV90a/LwoCjRutmfg.1","action":"SyncServerConnectionManagerRequest", "result":"SYNC_SERVER_OK", "context":{"environment":"Prod_southeastasia_prod-s01-065-apac-southeastasia", "migrationStage":"NotStarted", "server":"akswtt000000007"}}
{"logTime": "0429/064008", "correlationVector":"LrVq0lV90a/LwoCjRutmfg.2","action":"Commit Response", "result":"Success", "context":Result: Success. cV=LrVq0lV90a/LwoCjRutmfg.0;server=akswtt000000007;cloudType=Consumer;environment=Prod_southeastasia_prod-s01-065-apac-southeastasia;migrationStage=NotStarted}
{"logTime": "0429/064008", "correlationVector":"LrVq0lV90a/LwoCjRutmfg.3","action":"Commit.Sessions", "result":"Success", "context":{"id":"5d1f3b91-48f3-48f9-a6d9-f3e4048c8cab", "isDeleted":"true", "size":"0", "version":"1777437854470"}}
{"logTime": "0429/064111", "correlationVector":"ZoCZpbMlcqzXgTcfoeuExn","action":"Commit Request", "result":"", "context":Item count: 2
Contributing types: Sessions, History}
{"logTime": "0429/064112", "correlationVector":"ZoCZpbMlcqzXgTcfoeuExn.1","action":"SyncServerConnectionManagerRequest", "result":"SYNC_SERVER_OK", "context":{"environment":"Prod_southeastasia_prod-s01-065-apac-southeastasia", "migrationStage":"NotStarted", "server":"akswtt000000002"}}
{"logTime": "0429/064112", "correlationVector":"ZoCZpbMlcqzXgTcfoeuExn.2","action":"Commit Response", "result":"Success", "context":Result: Success. cV=ZoCZpbMlcqzXgTcfoeuExn.0;server=akswtt000000002;cloudType=Consumer;environment=Prod_southeastasia_prod-s01-065-apac-southeastasia;migrationStage=NotStarted}
{"logTime": "0429/064733", "correlationVector":"6wn21ytCtpCOGb+5YfRKra","action":"Commit Request", "result":"", "context":Item count: 5
Contributing types: Sessions, History}
{"logTime": "0429/064735", "correlationVector":"6wn21ytCtpCOGb+5YfRKra.1","action":"SyncServerConnectionManagerRequest", "result":"SYNC_SERVER_OK", "context":{"environment":"Prod_southeastasia_prod-s01-064-apac-southeastasia", "migrationStage":"NotStarted", "server":"akswtt000000002"}}
{"logTime": "0429/064735", "correlationVector":"6wn21ytCtpCOGb+5YfRKra.2","action":"Commit Response", "result":"Success", "context":Result: Success. cV=6wn21ytCtpCOGb+5YfRKra.0;server=akswtt000000002;cloudType=Consumer;environment=Prod_southeastasia_prod-s01-064-apac-southeastasia;migrationStage=NotStarted}
{"logTime": "0429/065034", "correlationVector":"tBAOjBT+hIqFl+b+Oed0he","action":"Commit Request", "result":"", "context":Item count: 1
Contributing types: Sessions}
{"logTime": "0429/065035", "correlationVector":"tBAOjBT+hIqFl+b+Oed0he.1","action":"SyncServerConnectionManagerRequest", "result":"SYNC_SERVER_OK", "context":{"environment":"Prod_southeastasia_prod-s01-064-apac-southeastasia", "migrationStage":"NotStarted", "server":"akswtt00000000e"}}
{"logTime": "0429/065035", "correlationVector":"tBAOjBT+hIqFl+b+Oed0he.2","action":"Commit Response", "result":"Success", "context":Result: Success. cV=tBAOjBT+hIqFl+b+Oed0he.0;server=akswtt00000000e;cloudType=Consumer;environment=Prod_southeastasia_prod-s01-064-apac-southeastasia;migrationStage=NotStarted}
{"logTime": "0429/065155", "correlationVector":"74cQCycQO4993pLI3QNzbJ","action":"Commit Request", "result":"", "context":Item count: 1
Contributing types: Sessions}
{"logTime": "0429/065157", "correlationVector":"74cQCycQO4993pLI3QNzbJ.1","action":"SyncServerConnectionManagerRequest", "result":"SYNC_SERVER_OK", "context":{"environment":"Prod_southeastasia_prod-s01-064-apac-southeastasia", "migrationStage":"NotStarted", "server":"akswtt00000000u"}}
{"logTime": "0429/065157", "correlationVector":"74cQCycQO4993pLI3QNzbJ.2","action":"Commit Response", "result":"Success", "context":Result: Success. cV=74cQCycQO4993pLI3QNzbJ.0;server=akswtt00000000u;cloudType=Consumer;environment=Prod_southeastasia_prod-s01-064-apac-southeastasia;migrationStage=NotStarted}
{"logTime": "0429/075540", "correlationVector":"HIe4Yv8e/erXkHG5XIBYnj","action":"Commit Request", "result":"", "context":Item count: 1
Contributing types: Device Info}
{"logTime": "0429/075541", "correlationVector":"HIe4Yv8e/erXkHG5XIBYnj.1","action":"SyncServerConnectionManagerRequest", "result":"SYNC_SERVER_OK", "context":{"environment":"Prod_southeastasia_prod-s01-065-apac-southeastasia", "migrationStage":"NotStarted", "server":"akswtt00000000t"}}
{"logTime": "0429/075541", "correlationVector":"HIe4Yv8e/erXkHG5XIBYnj.2","action":"Commit Response", "result":"Success", "context":Result: Success. cV=HIe4Yv8e/erXkHG5XIBYnj.0;server=akswtt00000000t;cloudType=Consumer;environment=Prod_southeastasia_prod-s01-065-apac-southeastasia;migrationStage=NotStarted}
{"logTime": "0429/082254", "correlationVector":"ZRipMxPtdEMotOuHlPbwe+","action":"Commit Request", "result":"", "context":Item count: 1
Contributing types: Device Info}
{"logTime": "0429/082255", "correlationVector":"ZRipMxPtdEMotOuHlPbwe+","action":"SyncServerConnectionManagerRequest", "result":"CONNECTION_UNAVAILABLE", "context":{"error_type":"net_error_code", "error_value":"-21"}}
{"logTime": "0429/082255", "correlationVector":"5bb7SBejqGh16QnJp9ZW4F.0","action":"Commit Response", "result":"Network error (ERR_NETWORK_CHANGED)", "context":Result: Network error (ERR_NETWORK_CHANGED). }
{"logTime": "0429/082258", "correlationVector":"RrSR5Z6eaJRyPRseSI9TwO","action":"Commit Request", "result":"", "context":Item count: 1
Contributing types: Device Info}
{"logTime": "0429/082300", "correlationVector":"RrSR5Z6eaJRyPRseSI9TwO","action":"SyncServerConnectionManagerRequest", "result":"CONNECTION_UNAVAILABLE", "context":{"error_type":"net_error_code", "error_value":"-105"}}
{"logTime": "0429/082300", "correlationVector":"0gDzAQ08XK9gcaLmYK1qWy.0","action":"Commit Response", "result":"Network error (ERR_NAME_NOT_RESOLVED)", "context":Result: Network error (ERR_NAME_NOT_RESOLVED). }
{"logTime": "0429/082300", "correlationVector":"vgZcbsIo9njpwLsR065U1q","action":"Commit Request", "result":"", "context":Item count: 1
Contributing types: Device Info}
{"logTime": "0429/082300", "correlationVector":"vgZcbsIo9njpwLsR065U1q","action":"SyncServerConnectionManagerRequest", "result":"CONNECTION_UNAVAILABLE", "context":{"error_type":"net_error_code", "error_value":"-105"}}
{"logTime": "0429/082300", "correlationVector":"PEPEaYIF+mvWdP/lN6qSfJ.0","action":"Commit Response", "result":"Network error (ERR_NAME_NOT_RESOLVED)", "context":Result: Network error (ERR_NAME_NOT_RESOLVED). }
{"logTime": "0429/082304", "correlationVector":"5ZjD0Zwb0qG27qmFiS5EXW","action":"Commit Request", "result":"", "context":Item count: 1
Contributing types: Device Info}
{"logTime": "0429/082318", "correlationVector":"5ZjD0Zwb0qG27qmFiS5EXW","action":"SyncServerConnectionManagerRequest", "result":"CONNECTION_UNAVAILABLE", "context":{"error_type":"net_error_code", "error_value":"-21"}}
{"logTime": "0429/082318", "correlationVector":"hkfnYqHKAkgFOF6t3i/QeF.0","action":"Commit Response", "result":"Network error (ERR_NETWORK_CHANGED)", "context":Result: Network error (ERR_NETWORK_CHANGED). }
{"logTime": "0429/082318", "correlationVector":"+1qM/hqr/+yr3ngdqRKbLz","action":"Commit Request", "result":"", "context":Item count: 1
Contributing types: Device Info}
{"logTime": "0429/082330", "correlationVector":"+1qM/hqr/+yr3ngdqRKbLz","action":"SyncServerConnectionManagerRequest", "result":"CONNECTION_UNAVAILABLE", "context":{"error_type":"net_error_code", "error_value":"-21"}}
{"logTime": "0429/082330", "correlationVector":"VxKzWovh1rqx35KGvU0DHQ.0","action":"Commit Response", "result":"Network error (ERR_NETWORK_CHANGED)", "context":Result: Network error (ERR_NETWORK_CHANGED). }
{"logTime": "0429/082330", "correlationVector":"tmR1/p7PyQHCrkbCuGbgRt","action":"Commit Request", "result":"", "context":Item count: 1
Contributing types: Device Info}
{"logTime": "0429/082333", "correlationVector":"tmR1/p7PyQHCrkbCuGbgRt","action":"SyncServerConnectionManagerRequest", "result":"CONNECTION_UNAVAILABLE", "context":{"error_type":"net_error_code", "error_value":"-106"}}
{"logTime": "0429/082333", "correlationVector":"SKCliS2q5w0DQZnWfzAC8h.0","action":"Commit Response", "result":"Network error (ERR_INTERNET_DISCONNECTED)", "context":Result: Network error (ERR_INTERNET_DISCONNECTED). }
{"logTime": "0429/082333", "correlationVector":"8Amb3esVScF3rtOMzX3U7J","action":"Commit Request", "result":"", "context":Item count: 1
Contributing types: Device Info}
{"logTime": "0429/082333", "correlationVector":"8Amb3esVScF3rtOMzX3U7J","action":"SyncServerConnectionManagerRequest", "result":"CONNECTION_UNAVAILABLE", "context":{"error_type":"net_error_code", "error_value":"-106"}}
{"logTime": "0429/082333", "correlationVector":"GcBjkJYvbvtkQ75KkDooBl.0","action":"Commit Response", "result":"Network error (ERR_INTERNET_DISCONNECTED)", "context":Result: Network error (ERR_INTERNET_DISCONNECTED). }
{"logTime": "0429/082342", "correlationVector":"fTarHLR+I22DnDrWh1mH+5","action":"Commit Request", "result":"", "context":Item count: 1
Contributing types: Device Info}
{"logTime": "0429/082344", "correlationVector":"fTarHLR+I22DnDrWh1mH+5","action":"SyncServerConnectionManagerRequest", "result":"CONNECTION_UNAVAILABLE", "context":{"error_type":"net_error_code", "error_value":"-105"}}
{"logTime": "0429/082344", "correlationVector":"jHGy4UMapVHbOTpfvcIeNw.0","action":"Commit Response", "result":"Network error (ERR_NAME_NOT_RESOLVED)", "context":Result: Network error (ERR_NAME_NOT_RESOLVED). }
{"logTime": "0429/082345", "correlationVector":"5ohfCXP1Y2Mi7GO/UxlFlk","action":"Commit Request", "result":"", "context":Item count: 1
Contributing types: Device Info}
{"logTime": "0429/082345", "correlationVector":"5ohfCXP1Y2Mi7GO/UxlFlk","action":"SyncServerConnectionManagerRequest", "result":"CONNECTION_UNAVAILABLE", "context":{"error_type":"net_error_code", "error_value":"-105"}}
{"logTime": "0429/082345", "correlationVector":"MVk5QPzgT6dmNWlU20MTkf.0","action":"Commit Response", "result":"Network error (ERR_NAME_NOT_RESOLVED)", "context":Result: Network error (ERR_NAME_NOT_RESOLVED). }
{"logTime": "0429/082350", "correlationVector":"bjjjCeJcMZAoMvLjPLeuY2","action":"Commit Request", "result":"", "context":Item count: 1
Contributing types: Device Info}
{"logTime": "0429/082355", "correlationVector":"bjjjCeJcMZAoMvLjPLeuY2.1","action":"SyncServerConnectionManagerRequest", "result":"SYNC_SERVER_OK", "context":{"environment":"Prod_southeastasia_prod-s01-064-apac-southeastasia", "migrationStage":"NotStarted", "server":"akswtt000000003"}}
{"logTime": "0429/082355", "correlationVector":"bjjjCeJcMZAoMvLjPLeuY2.2","action":"Commit Response", "result":"Success", "context":Result: Success. cV=bjjjCeJcMZAoMvLjPLeuY2.0;server=akswtt000000003;cloudType=Consumer;environment=Prod_southeastasia_prod-s01-064-apac-southeastasia;migrationStage=NotStarted}
{"logTime": "0429/082356", "correlationVector":"fAhIAA6E1ftaQl2YjEYpp4","action":"Commit Request", "result":"", "context":Item count: 1
Contributing types: Device Info}
{"logTime": "0429/082356", "correlationVector":"fAhIAA6E1ftaQl2YjEYpp4.1","action":"SyncServerConnectionManagerRequest", "result":"SYNC_SERVER_OK", "context":{"environment":"Prod_southeastasia_prod-s01-064-apac-southeastasia", "migrationStage":"NotStarted", "server":"akswtt000000009"}}
{"logTime": "0429/082356", "correlationVector":"fAhIAA6E1ftaQl2YjEYpp4.2","action":"Commit Response", "result":"Success", "context":Result: Success. cV=fAhIAA6E1ftaQl2YjEYpp4.0;server=akswtt000000009;cloudType=Consumer;environment=Prod_southeastasia_prod-s01-064-apac-southeastasia;migrationStage=NotStarted}
{"logTime": "0429/082534", "correlationVector":"USifFFKkKinUsExCWAG/d+","action":"Commit Request", "result":"", "context":Item count: 1
Contributing types: Device Info}
{"logTime": "0429/082535", "correlationVector":"USifFFKkKinUsExCWAG/d+.1","action":"SyncServerConnectionManagerRequest", "result":"SYNC_SERVER_OK", "context":{"environment":"Prod_southeastasia_prod-s01-064-apac-southeastasia", "migrationStage":"NotStarted", "server":"akswtt00000000o"}}
{"logTime": "0429/082535", "correlationVector":"USifFFKkKinUsExCWAG/d+.2","action":"Commit Response", "result":"Success", "context":Result: Success. cV=USifFFKkKinUsExCWAG/d+.0;server=akswtt00000000o;cloudType=Consumer;environment=Prod_southeastasia_prod-s01-064-apac-southeastasia;migrationStage=NotStarted}
{"logTime": "0429/100032", "correlationVector":"UYPWkTq4Mz7eFV863i2HCm","action":"Commit Request", "result":"", "context":Item count: 1
Contributing types: Device Info}
{"logTime": "0429/100032", "correlationVector":"UYPWkTq4Mz7eFV863i2HCm","action":"SyncServerConnectionManagerRequest", "result":"CONNECTION_UNAVAILABLE", "context":{"error_type":"net_error_code", "error_value":"-331"}}
{"logTime": "0429/100032", "correlationVector":"xyViR7zkP7rob6h842lGe7.0","action":"Commit Response", "result":"Network error (ERR_NETWORK_IO_SUSPENDED)", "context":Result: Network error (ERR_NETWORK_IO_SUSPENDED). }
{"logTime": "0429/100333", "correlationVector":"5wMUvI1Db/Hn1JoKGoEf0d","action":"Commit Request", "result":"", "context":Item count: 1
Contributing types: Device Info}
{"logTime": "0429/100334", "correlationVector":"5wMUvI1Db/Hn1JoKGoEf0d.1","action":"SyncServerConnectionManagerRequest", "result":"SYNC_SERVER_OK", "context":{"environment":"Prod_southeastasia_prod-s01-065-apac-southeastasia", "migrationStage":"NotStarted", "server":"akswtt00000000s"}}
{"logTime": "0429/100334", "correlationVector":"5wMUvI1Db/Hn1JoKGoEf0d.2","action":"Commit Response", "result":"Success", "context":Result: Success. cV=5wMUvI1Db/Hn1JoKGoEf0d.0;server=akswtt00000000s;cloudType=Consumer;environment=Prod_southeastasia_prod-s01-065-apac-southeastasia;migrationStage=NotStarted}
{"logTime": "0429/100334", "correlationVector":"mMeg7Lh+1mVfQgM3Jd0ZRx","action":"Commit Request", "result":"", "context":Item count: 1
Contributing types: Device Info}
{"logTime": "0429/100334", "correlationVector":"mMeg7Lh+1mVfQgM3Jd0ZRx.1","action":"SyncServerConnectionManagerRequest", "result":"SYNC_SERVER_OK", "context":{"environment":"Prod_southeastasia_prod-s01-065-apac-southeastasia", "migrationStage":"NotStarted", "server":"akswtt000000011"}}
{"logTime": "0429/100334", "correlationVector":"mMeg7Lh+1mVfQgM3Jd0ZRx.2","action":"Commit Response", "result":"Success", "context":Result: Success. cV=mMeg7Lh+1mVfQgM3Jd0ZRx.0;server=akswtt000000011;cloudType=Consumer;environment=Prod_southeastasia_prod-s01-065-apac-southeastasia;migrationStage=NotStarted}
{"logTime": "0429/101528", "correlationVector":"WvX0esfyRCzUndSc3mi2WT","action":"Commit Request", "result":"", "context":Item count: 1
Contributing types: Device Info}
{"logTime": "0429/101529", "correlationVector":"WvX0esfyRCzUndSc3mi2WT.1","action":"SyncServerConnectionManagerRequest", "result":"SYNC_SERVER_OK", "context":{"environment":"Prod_southeastasia_prod-s01-065-apac-southeastasia", "migrationStage":"NotStarted", "server":"akswtt000000002"}}
{"logTime": "0429/101529", "correlationVector":"WvX0esfyRCzUndSc3mi2WT.2","action":"Commit Response", "result":"Success", "context":Result: Success. cV=WvX0esfyRCzUndSc3mi2WT.0;server=akswtt000000002;cloudType=Consumer;environment=Prod_southeastasia_prod-s01-065-apac-southeastasia;migrationStage=NotStarted}
{"logTime": "0429/101531", "correlationVector":"ot35dXkhi19t1yUupZ19Q/","action":"Commit Request", "result":"", "context":Item count: 1
Contributing types: Device Info}
{"logTime": "0429/101532", "correlationVector":"ot35dXkhi19t1yUupZ19Q/.1","action":"SyncServerConnectionManagerRequest", "result":"SYNC_SERVER_OK", "context":{"environment":"Prod_southeastasia_prod-s01-064-apac-southeastasia", "migrationStage":"NotStarted", "server":"akswtt000000004"}}
{"logTime": "0429/101532", "correlationVector":"ot35dXkhi19t1yUupZ19Q/.2","action":"Commit Response", "result":"Success", "context":Result: Success. cV=ot35dXkhi19t1yUupZ19Q/.0;server=akswtt000000004;cloudType=Consumer;environment=Prod_southeastasia_prod-s01-064-apac-southeastasia;migrationStage=NotStarted}
{"logTime": "0429/102951", "correlationVector":"NGHmUwHoIBjDYsMTEwVdEN","action":"Commit Request", "result":"", "context":Item count: 1
Contributing types: Device Info}
{"logTime": "0429/102953", "correlationVector":"NGHmUwHoIBjDYsMTEwVdEN.1","action":"SyncServerConnectionManagerRequest", "result":"SYNC_SERVER_OK", "context":{"environment":"Prod_southeastasia_prod-s01-064-apac-southeastasia", "migrationStage":"NotStarted", "server":"akswtt00000000r"}}
{"logTime": "0429/102953", "correlationVector":"NGHmUwHoIBjDYsMTEwVdEN.2","action":"Commit Response", "result":"Success", "context":Result: Success. cV=NGHmUwHoIBjDYsMTEwVdEN.0;server=akswtt00000000r;cloudType=Consumer;environment=Prod_southeastasia_prod-s01-064-apac-southeastasia;migrationStage=NotStarted}
{"logTime": "0429/102955", "correlationVector":"8LmWPZZP+x5ORlkj3b0Nhu","action":"Commit Request", "result":"", "context":Item count: 1
Contributing types: Device Info}
{"logTime": "0429/102955", "correlationVector":"8LmWPZZP+x5ORlkj3b0Nhu.1","action":"SyncServerConnectionManagerRequest", "result":"SYNC_SERVER_OK", "context":{"environment":"Prod_southeastasia_prod-s01-064-apac-southeastasia", "migrationStage":"NotStarted", "server":"akswtt00000000k"}}
{"logTime": "0429/102955", "correlationVector":"8LmWPZZP+x5ORlkj3b0Nhu.2","action":"Commit Response", "result":"Success", "context":Result: Success. cV=8LmWPZZP+x5ORlkj3b0Nhu.0;server=akswtt00000000k;cloudType=Consumer;environment=Prod_southeastasia_prod-s01-064-apac-southeastasia;migrationStage=NotStarted}
{"logTime": "0429/111907", "correlationVector":"of/pis04dNeJ6oXnPBVKRz","action":"Commit Request", "result":"", "context":Item count: 1
Contributing types: Device Info}
{"logTime": "0429/111912", "correlationVector":"of/pis04dNeJ6oXnPBVKRz.1","action":"SyncServerConnectionManagerRequest", "result":"SYNC_SERVER_OK", "context":{"environment":"Prod_southeastasia_prod-s01-064-apac-southeastasia", "migrationStage":"NotStarted", "server":"akswtt000000008"}}
{"logTime": "0429/111912", "correlationVector":"of/pis04dNeJ6oXnPBVKRz.2","action":"Commit Response", "result":"Success", "context":Result: Success. cV=of/pis04dNeJ6oXnPBVKRz.0;server=akswtt000000008;cloudType=Consumer;environment=Prod_southeastasia_prod-s01-064-apac-southeastasia;migrationStage=NotStarted}
{"logTime": "0429/111913", "correlationVector":"d424ZcP2wTQbjg9ye4F2qi","action":"Commit Request", "result":"", "context":Item count: 1
Contributing types: Device Info}
{"logTime": "0429/111913", "correlationVector":"d424ZcP2wTQbjg9ye4F2qi.1","action":"SyncServerConnectionManagerRequest", "result":"SYNC_SERVER_OK", "context":{"environment":"Prod_southeastasia_prod-s01-064-apac-southeastasia", "migrationStage":"NotStarted", "server":"akswtt00000000u"}}
{"logTime": "0429/111913", "correlationVector":"d424ZcP2wTQbjg9ye4F2qi.2","action":"Commit Response", "result":"Success", "context":Result: Success. cV=d424ZcP2wTQbjg9ye4F2qi.0;server=akswtt00000000u;cloudType=Consumer;environment=Prod_southeastasia_prod-s01-064-apac-southeastasia;migrationStage=NotStarted}
{"logTime": "0429/112025", "correlationVector":"lKzlhOt6nx8o6KLwwbj1Ky","action":"Commit Request", "result":"", "context":Item count: 1
Contributing types: Sessions}
{"logTime": "0429/112025", "correlationVector":"lKzlhOt6nx8o6KLwwbj1Ky.1","action":"SyncServerConnectionManagerRequest", "result":"SYNC_SERVER_OK", "context":{"environment":"Prod_southeastasia_prod-s01-064-apac-southeastasia", "migrationStage":"NotStarted", "server":"akswtt000000006"}}
{"logTime": "0429/112025", "correlationVector":"lKzlhOt6nx8o6KLwwbj1Ky.2","action":"Commit Response", "result":"Success", "context":Result: Success. cV=lKzlhOt6nx8o6KLwwbj1Ky.0;server=akswtt000000006;cloudType=Consumer;environment=Prod_southeastasia_prod-s01-064-apac-southeastasia;migrationStage=NotStarted}
{"logTime": "0429/114329", "correlationVector":"vRWXfpq9bqhQOdZSXA7Ihp","action":"Commit Request", "result":"", "context":Item count: 1
Contributing types: Device Info}
{"logTime": "0429/114330", "correlationVector":"vRWXfpq9bqhQOdZSXA7Ihp.1","action":"SyncServerConnectionManagerRequest", "result":"SYNC_SERVER_OK", "context":{"environment":"Prod_southeastasia_prod-s01-064-apac-southeastasia", "migrationStage":"NotStarted", "server":"akswtt00000000u"}}
{"logTime": "0429/114330", "correlationVector":"vRWXfpq9bqhQOdZSXA7Ihp.2","action":"Commit Response", "result":"Success", "context":Result: Success. cV=vRWXfpq9bqhQOdZSXA7Ihp.0;server=akswtt00000000u;cloudType=Consumer;environment=Prod_southeastasia_prod-s01-064-apac-southeastasia;migrationStage=NotStarted}
{"logTime": "0429/114341", "correlationVector":"h4FIcsDD6RXe8qmOi8NVxV","action":"Commit Request", "result":"", "context":Item count: 2
Contributing types: Preferences, Sessions}
{"logTime": "0429/114341", "correlationVector":"h4FIcsDD6RXe8qmOi8NVxV.1","action":"SyncServerConnectionManagerRequest", "result":"SYNC_SERVER_OK", "context":{"environment":"Prod_southeastasia_prod-s01-064-apac-southeastasia", "migrationStage":"NotStarted", "server":"akswtt00000000i"}}
{"logTime": "0429/114341", "correlationVector":"h4FIcsDD6RXe8qmOi8NVxV.2","action":"Commit Response", "result":"Success", "context":Result: Success. cV=h4FIcsDD6RXe8qmOi8NVxV.0;server=akswtt00000000i;cloudType=Consumer;environment=Prod_southeastasia_prod-s01-064-apac-southeastasia;migrationStage=NotStarted}
{"logTime": "0429/114352", "correlationVector":"fwykuu2QnMFgvQ/1ry46wR","action":"Commit Request", "result":"", "context":Item count: 4
Contributing types: Preferences, Sessions, History}
{"logTime": "0429/114353", "correlationVector":"fwykuu2QnMFgvQ/1ry46wR.1","action":"SyncServerConnectionManagerRequest", "result":"SYNC_SERVER_OK", "context":{"environment":"Prod_southeastasia_prod-s01-064-apac-southeastasia", "migrationStage":"NotStarted", "server":"akswtt000000007"}}
{"logTime": "0429/114353", "correlationVector":"fwykuu2QnMFgvQ/1ry46wR.2","action":"Commit Response", "result":"Success", "context":Result: Success. cV=fwykuu2QnMFgvQ/1ry46wR.0;server=akswtt000000007;cloudType=Consumer;environment=Prod_southeastasia_prod-s01-064-apac-southeastasia;migrationStage=NotStarted}
{"logTime": "0429/114455", "correlationVector":"X88wqIPcxzr+/vIWIZ2Jnk","action":"Commit Request", "result":"", "context":Item count: 6
Contributing types: Sessions, History}
{"logTime": "0429/114455", "correlationVector":"X88wqIPcxzr+/vIWIZ2Jnk.1","action":"SyncServerConnectionManagerRequest", "result":"SYNC_SERVER_OK", "context":{"environment":"Prod_southeastasia_prod-s01-064-apac-southeastasia", "migrationStage":"NotStarted", "server":"akswtt00000000h"}}
{"logTime": "0429/114455", "correlationVector":"X88wqIPcxzr+/vIWIZ2Jnk.2","action":"Commit Response", "result":"Success", "context":Result: Success. cV=X88wqIPcxzr+/vIWIZ2Jnk.0;server=akswtt00000000h;cloudType=Consumer;environment=Prod_southeastasia_prod-s01-064-apac-southeastasia;migrationStage=NotStarted}
{"logTime": "0429/114517", "correlationVector":"nUY8a0TCcmopPU2Bax9sOy","action":"Commit Request", "result":"", "context":Item count: 1
Contributing types: Device Info}
{"logTime": "0429/114517", "correlationVector":"nUY8a0TCcmopPU2Bax9sOy.1","action":"SyncServerConnectionManagerRequest", "result":"SYNC_SERVER_OK", "context":{"environment":"Prod_southeastasia_prod-s01-065-apac-southeastasia", "migrationStage":"NotStarted", "server":"akswtt00000000c"}}
{"logTime": "0429/114517", "correlationVector":"nUY8a0TCcmopPU2Bax9sOy.2","action":"Commit Response", "result":"Success", "context":Result: Success. cV=nUY8a0TCcmopPU2Bax9sOy.0;server=akswtt00000000c;cloudType=Consumer;environment=Prod_southeastasia_prod-s01-065-apac-southeastasia;migrationStage=NotStarted}
{"logTime": "0429/114623", "correlationVector":"4ArYmt4OAifX/bY6J5GCWZ","action":"Commit Request", "result":"", "context":Item count: 2
Contributing types: Sessions}
{"logTime": "0429/114623", "correlationVector":"4ArYmt4OAifX/bY6J5GCWZ.1","action":"SyncServerConnectionManagerRequest", "result":"SYNC_SERVER_OK", "context":{"environment":"Prod_southeastasia_prod-s01-065-apac-southeastasia", "migrationStage":"NotStarted", "server":"akswtt000000000"}}
{"logTime": "0429/114623", "correlationVector":"4ArYmt4OAifX/bY6J5GCWZ.2","action":"Commit Response", "result":"Success", "context":Result: Success. cV=4ArYmt4OAifX/bY6J5GCWZ.0;server=akswtt000000000;cloudType=Consumer;environment=Prod_southeastasia_prod-s01-065-apac-southeastasia;migrationStage=NotStarted}
