2026-04-29 04:43:13.697: [INFO][Sync] Reset engine, reason: 8
2026-04-29 04:43:13.697: [INFO][Sync] Stopped: Bookmarks
2026-04-29 04:43:13.697: [INFO][Sync] Stopped: Preferences
2026-04-29 04:43:13.697: [INFO][Sync] Stopped: Passwords
2026-04-29 04:43:13.697: [INFO][Sync] Stopped: Autofill Profiles
2026-04-29 04:43:13.697: [INFO][Sync] Stopped: Autofill
2026-04-29 04:43:13.697: [INFO][Sync] Stopped: Extensions
2026-04-29 04:43:13.697: [INFO][Sync] Stopped: Sessions
2026-04-29 04:43:13.697: [INFO][Sync] Stopped: Extension settings
2026-04-29 04:43:13.697: [INFO][Sync] Stopped: History Delete Directives
2026-04-29 04:43:13.697: [INFO][Sync] Stopped: Device Info
2026-04-29 04:43:13.697: [INFO][Sync] Stopped: User Consents
2026-04-29 04:43:13.697: [INFO][Sync] Stopped: Send Tab To Self
2026-04-29 04:43:13.697: [INFO][Sync] Stopped: Web Apps
2026-04-29 04:43:13.697: [INFO][Sync] Stopped: History
2026-04-29 04:43:13.697: [INFO][Sync] Stopped: Saved Tab Group
2026-04-29 04:43:13.697: [INFO][Sync] Stopped: WebAuthn Credentials
2026-04-29 04:43:13.697: [INFO][Sync] Stopped: Collection
2026-04-29 04:43:13.697: [INFO][Sync] Stopped: Edge E Drop
2026-04-29 04:43:13.697: [INFO][Sync] Stopped: Edge Hub App Usage
2026-04-29 04:43:13.697: [INFO][Sync] Stopped: Edge Wallet
2026-04-29 04:43:13.697: [INFO][Sync] Stopped: Edge Workspace
2026-04-29 04:43:13.697: [INFO][Sync] SyncState after authenticated was: NotSignedIn
2026-04-29 04:43:13.973: [INFO][Sync] Reset engine, reason: 8
2026-04-29 04:43:13.973: [INFO][Sync] Stopped: Bookmarks
2026-04-29 04:43:13.973: [INFO][Sync] Stopped: Preferences
2026-04-29 04:43:13.973: [INFO][Sync] Stopped: Passwords
2026-04-29 04:43:13.973: [INFO][Sync] Stopped: Autofill Profiles
2026-04-29 04:43:13.973: [INFO][Sync] Stopped: Autofill
2026-04-29 04:43:13.973: [INFO][Sync] Stopped: Extensions
2026-04-29 04:43:13.973: [INFO][Sync] Stopped: Sessions
2026-04-29 04:43:13.973: [INFO][Sync] Stopped: Extension settings
2026-04-29 04:43:13.973: [INFO][Sync] Stopped: History Delete Directives
2026-04-29 04:43:13.973: [INFO][Sync] Stopped: Device Info
2026-04-29 04:43:13.973: [INFO][Sync] Stopped: User Consents
2026-04-29 04:43:13.973: [INFO][Sync] Stopped: Send Tab To Self
2026-04-29 04:43:13.973: [INFO][Sync] Stopped: Web Apps
2026-04-29 04:43:13.973: [INFO][Sync] Stopped: History
2026-04-29 04:43:13.973: [INFO][Sync] Stopped: Saved Tab Group
2026-04-29 04:43:13.973: [INFO][Sync] Stopped: WebAuthn Credentials
2026-04-29 04:43:13.973: [INFO][Sync] Stopped: Collection
2026-04-29 04:43:13.973: [INFO][Sync] Stopped: Edge E Drop
2026-04-29 04:43:13.973: [INFO][Sync] Stopped: Edge Hub App Usage
2026-04-29 04:43:13.973: [INFO][Sync] Stopped: Edge Wallet
2026-04-29 04:43:13.973: [INFO][Sync] Stopped: Edge Workspace
2026-04-29 04:43:17.276: [INFO][Sync] Try to start sync engine
2026-04-29 04:43:17.286: [INFO][SyncManagerImpl::NudgeForInitialDownload] Initial download nudge for Encryption Keys
2026-04-29 04:43:17.286: [INFO][SyncEngineBackend::LoadAndConnectNigoriController] Load and connect Nigori controller
2026-04-29 04:43:17.286: [INFO][SyncEngineBackend::DoInitialize] Control Types added: Encryption Keys
2026-04-29 04:43:17.286: [INFO][SyncManagerImpl::ConfigureSyncer] Types to download: Encryption Keys with reason: 3
2026-04-29 04:43:17.287: [INFO][SyncSchedulerImpl::DoConfigurationSyncCycleJob] Configure job was blocked
2026-04-29 04:43:17.345: [INFO][SyncAuthManager::SetLastAuthError] Current auth error: None
2026-04-29 04:43:17.345: [INFO][SyncAuthManager::EdgeLogTokenErrorState] Token error with: None for account type: MSA
2026-04-29 04:43:17.345: [INFO][Sync] Credentials changed for: EdgeSyncScopeNew
2026-04-29 04:43:18.062: [INFO][SyncAuthManager::SetLastAuthError] Current auth error: None
2026-04-29 04:43:18.062: [INFO][SyncAuthManager::EdgeLogTokenErrorState] Token error with: None for account type: MSA
2026-04-29 04:43:18.062: [INFO][Sync] Credentials changed for: EdgeSyncKeyDataScope
2026-04-29 04:43:18.062: [INFO][SyncEngineBackend::DoUpdateKeyDataCredentials] Update key data credentials
2026-04-29 04:43:18.062: [INFO][SyncEngineBackend::DoUpdateCredentials] Update credentials
2026-04-29 04:43:18.062: [INFO][SyncSchedulerImpl::DoConfigurationSyncCycleJob] Blocked types:  and types to download: Encryption Keys
2026-04-29 04:43:18.788: [INFO][Sync] Started DataTypeManager configuration, reason: 4
2026-04-29 04:43:18.789: [INFO][Sync] Configuring for: Bookmarks, Preferences, Passwords, Autofill Profiles, Autofill, Extensions, Sessions, Extension settings, History Delete Directives, Device Info, User Consents, Send Tab To Self, Web Apps, History, Saved Tab Group, WebAuthn Credentials, Collection, Edge E Drop, Edge Hub App Usage, Edge Wallet, Edge Workspace, Encryption Keys, reason: 3, current state: 0
2026-04-29 04:43:18.789: [WARN][Sync] Crypto error data types: Passwords, Autofill Profiles, Autofill
2026-04-29 04:43:18.794: [INFO][Sync] Configure, desired: Bookmarks, Preferences, Extensions, Sessions, Extension settings, History Delete Directives, Device Info, User Consents, Send Tab To Self, Web Apps, History, Saved Tab Group, WebAuthn Credentials, Collection, Edge E Drop, Edge Hub App Usage, Edge Wallet, Edge Workspace, Encryption Keys; Allow fail: Passwords, Autofill Profiles, Autofill
2026-04-29 04:43:18.794: [INFO][Sync] Loading: Bookmarks
2026-04-29 04:43:18.794: [INFO][Sync] Loading: Preferences
2026-04-29 04:43:18.794: [INFO][Sync] Loading: Extensions
2026-04-29 04:43:18.795: [INFO][Sync] Loading: Sessions
2026-04-29 04:43:18.796: [INFO][Sync] Loading: Extension settings
2026-04-29 04:43:18.796: [INFO][Sync] Loading: History Delete Directives
2026-04-29 04:43:18.796: [INFO][Sync] Loading: Device Info
2026-04-29 04:43:18.797: [INFO][Sync] Loading: User Consents
2026-04-29 04:43:18.797: [INFO][Sync] Loading: Send Tab To Self
2026-04-29 04:43:18.797: [INFO][Sync] Loading: Web Apps
2026-04-29 04:43:18.797: [INFO][Sync] Loading: History
2026-04-29 04:43:18.797: [INFO][Sync] Loading: Saved Tab Group
2026-04-29 04:43:18.797: [INFO][Sync] Loading: WebAuthn Credentials
2026-04-29 04:43:18.797: [INFO][Sync] Loading: Collection
2026-04-29 04:43:18.797: [INFO][Sync] Loading: Edge E Drop
2026-04-29 04:43:18.797: [INFO][Sync] Loading: Edge Hub App Usage
2026-04-29 04:43:18.797: [INFO][Sync] Loading: Edge Wallet
2026-04-29 04:43:18.797: [INFO][Sync] Loading: Edge Workspace
2026-04-29 04:43:18.804: [INFO][Sync] All data types are ready for configure.
2026-04-29 04:43:19.878: [INFO][Sync] Started DataTypeManager configuration, reason: 5
2026-04-29 04:43:19.878: [INFO][Sync] Configuring for: Bookmarks, Preferences, Passwords, Autofill Profiles, Autofill, Extensions, Sessions, Extension settings, History Delete Directives, Device Info, User Consents, Send Tab To Self, Web Apps, History, Saved Tab Group, WebAuthn Credentials, Collection, Edge E Drop, Edge Hub App Usage, Edge Wallet, Edge Workspace, Encryption Keys, reason: 5, current state: 1
2026-04-29 04:43:19.883: [INFO][SyncEngineBackend::DoStartConfiguration] Start configuration
2026-04-29 04:43:19.883: [INFO][SyncManagerImpl::NudgeForInitialDownload] Initial download nudge for Bookmarks
2026-04-29 04:43:19.883: [INFO][SyncManagerImpl::NudgeForInitialDownload] Initial download nudge for Preferences
2026-04-29 04:43:19.883: [INFO][SyncManagerImpl::NudgeForInitialDownload] Initial download nudge for Extensions
2026-04-29 04:43:19.883: [INFO][SyncManagerImpl::NudgeForInitialDownload] Initial download nudge for Sessions
2026-04-29 04:43:19.883: [INFO][SyncManagerImpl::NudgeForInitialDownload] Initial download nudge for Extension settings
2026-04-29 04:43:19.883: [INFO][SyncManagerImpl::NudgeForInitialDownload] Initial download nudge for History Delete Directives
2026-04-29 04:43:19.883: [INFO][SyncManagerImpl::NudgeForInitialDownload] Initial download nudge for Device Info
2026-04-29 04:43:19.883: [INFO][SyncManagerImpl::NudgeForInitialDownload] Initial download nudge for Send Tab To Self
2026-04-29 04:43:19.883: [INFO][SyncManagerImpl::NudgeForInitialDownload] Initial download nudge for Web Apps
2026-04-29 04:43:19.883: [INFO][SyncManagerImpl::NudgeForInitialDownload] Initial download nudge for History
2026-04-29 04:43:19.883: [INFO][SyncManagerImpl::NudgeForInitialDownload] Initial download nudge for Saved Tab Group
2026-04-29 04:43:19.883: [INFO][SyncManagerImpl::NudgeForInitialDownload] Initial download nudge for WebAuthn Credentials
2026-04-29 04:43:19.883: [INFO][SyncManagerImpl::NudgeForInitialDownload] Initial download nudge for Collection
2026-04-29 04:43:19.883: [INFO][SyncManagerImpl::NudgeForInitialDownload] Initial download nudge for Edge E Drop
2026-04-29 04:43:19.883: [INFO][SyncManagerImpl::NudgeForInitialDownload] Initial download nudge for Edge Hub App Usage
2026-04-29 04:43:19.883: [INFO][SyncManagerImpl::NudgeForInitialDownload] Initial download nudge for Edge Wallet
2026-04-29 04:43:19.883: [INFO][SyncManagerImpl::NudgeForInitialDownload] Initial download nudge for Edge Workspace
2026-04-29 04:43:19.883: [INFO][SyncManagerImpl::ConfigureSyncer] Types to download:  with reason: 3
2026-04-29 04:43:19.884: [INFO][SyncEngineBackend::DoFinishConfigureDataTypes] Failed to download types:  and succeeded types: 
2026-04-29 04:43:19.893: [INFO][Sync] ConfigurationDone, failed: , succeeded: , remaining count: 4
2026-04-29 04:43:19.893: [WARN][Sync]     Reconfigure requested while configuration ongoing.
2026-04-29 04:43:19.893: [INFO][Sync] Configuring for: Bookmarks, Preferences, Passwords, Autofill Profiles, Autofill, Extensions, Sessions, Extension settings, History Delete Directives, Device Info, User Consents, Send Tab To Self, Web Apps, History, Saved Tab Group, WebAuthn Credentials, Collection, Edge E Drop, Edge Hub App Usage, Edge Wallet, Edge Workspace, Encryption Keys, reason: 5, current state: 2
2026-04-29 04:43:19.894: [INFO][Sync] Configure, desired: Bookmarks, Preferences, Passwords, Autofill Profiles, Autofill, Extensions, Sessions, Extension settings, History Delete Directives, Device Info, User Consents, Send Tab To Self, Web Apps, History, Saved Tab Group, WebAuthn Credentials, Collection, Edge E Drop, Edge Hub App Usage, Edge Wallet, Edge Workspace, Encryption Keys; Allow fail: 
2026-04-29 04:43:19.894: [INFO][Sync] Loading: Passwords
2026-04-29 04:43:19.894: [INFO][Sync] Loading: Autofill Profiles
2026-04-29 04:43:19.894: [INFO][Sync] Loading: Autofill
2026-04-29 04:43:19.894: [INFO][Sync] All data types are ready for configure.
2026-04-29 04:43:19.894: [INFO][SyncManagerImpl::NudgeForInitialDownload] Initial download nudge for Passwords
2026-04-29 04:43:19.894: [INFO][SyncManagerImpl::NudgeForInitialDownload] Initial download nudge for Autofill Profiles
2026-04-29 04:43:19.894: [INFO][SyncManagerImpl::NudgeForInitialDownload] Initial download nudge for Autofill
2026-04-29 04:43:19.894: [INFO][SyncManagerImpl::ConfigureSyncer] Types to download:  with reason: 5
2026-04-29 04:43:19.894: [INFO][SyncEngineBackend::DoFinishConfigureDataTypes] Failed to download types:  and succeeded types: 
2026-04-29 04:43:19.895: [INFO][Sync] ConfigurationDone, failed: , succeeded: , remaining count: 4
2026-04-29 04:43:19.895: [INFO][Sync] Prepare to configure types: Preferences, Passwords, Device Info, Send Tab To Self, Edge E Drop, Encryption Keys
2026-04-29 04:43:19.895: [INFO][SyncManagerImpl::ConfigureSyncer] Types to download: Preferences, Passwords, Device Info, Send Tab To Self, Edge E Drop, Encryption Keys with reason: 5
2026-04-29 04:43:19.895: [INFO][SyncSchedulerImpl::DoConfigurationSyncCycleJob] Blocked types:  and types to download: Preferences, Passwords, Device Info, Send Tab To Self, Edge E Drop, Encryption Keys
2026-04-29 04:43:20.530: [INFO][SyncEngineBackend::DoFinishConfigureDataTypes] Failed to download types:  and succeeded types: Preferences, Passwords, Device Info, Send Tab To Self, Edge E Drop, Encryption Keys
2026-04-29 04:43:20.601: [INFO][Sync] ConfigurationDone, failed: , succeeded: Preferences, Passwords, Device Info, Send Tab To Self, Edge E Drop, Encryption Keys, remaining count: 3
2026-04-29 04:43:20.601: [INFO][Sync] Prepare to configure types: Bookmarks, Encryption Keys
2026-04-29 04:43:20.601: [INFO][SyncManagerImpl::ConfigureSyncer] Types to download: Bookmarks, Encryption Keys with reason: 5
2026-04-29 04:43:20.601: [INFO][SyncSchedulerImpl::DoConfigurationSyncCycleJob] Blocked types:  and types to download: Bookmarks, Encryption Keys
2026-04-29 04:43:20.929: [INFO][SyncEngineBackend::DoFinishConfigureDataTypes] Failed to download types:  and succeeded types: Bookmarks, Encryption Keys
2026-04-29 04:43:20.942: [INFO][Sync] ConfigurationDone, failed: , succeeded: Bookmarks, Encryption Keys, remaining count: 2
2026-04-29 04:43:20.942: [INFO][Sync] Prepare to configure types: Autofill Profiles, Autofill, Extensions, Sessions, Extension settings, History Delete Directives, Web Apps, Saved Tab Group, WebAuthn Credentials, Collection, Edge Hub App Usage, Edge Wallet, Edge Workspace, Encryption Keys
2026-04-29 04:43:20.942: [INFO][SyncManagerImpl::ConfigureSyncer] Types to download: Autofill Profiles, Autofill, Extensions, Sessions, Extension settings, History Delete Directives, Web Apps, Saved Tab Group, WebAuthn Credentials, Collection, Edge Hub App Usage, Edge Wallet, Edge Workspace, Encryption Keys with reason: 5
2026-04-29 04:43:20.942: [INFO][SyncSchedulerImpl::DoConfigurationSyncCycleJob] Blocked types:  and types to download: Autofill Profiles, Autofill, Extensions, Sessions, Extension settings, History Delete Directives, Web Apps, Saved Tab Group, WebAuthn Credentials, Collection, Edge Hub App Usage, Edge Wallet, Edge Workspace, Encryption Keys
2026-04-29 04:43:23.319: [INFO][SyncEngineBackend::DoFinishConfigureDataTypes] Failed to download types:  and succeeded types: Autofill Profiles, Autofill, Extensions, Sessions, Extension settings, History Delete Directives, Web Apps, Saved Tab Group, WebAuthn Credentials, Collection, Edge Hub App Usage, Edge Wallet, Edge Workspace, Encryption Keys
2026-04-29 04:43:23.328: [INFO][Sync] ConfigurationDone, failed: , succeeded: Autofill Profiles, Autofill, Extensions, Sessions, Extension settings, History Delete Directives, Web Apps, Saved Tab Group, WebAuthn Credentials, Collection, Edge Hub App Usage, Edge Wallet, Edge Workspace, Encryption Keys, remaining count: 1
2026-04-29 04:43:23.331: [INFO][Sync] Prepare to configure types: History, Encryption Keys
2026-04-29 04:43:23.331: [INFO][SyncManagerImpl::ConfigureSyncer] Types to download: History, Encryption Keys with reason: 5
2026-04-29 04:43:23.331: [INFO][SyncSchedulerImpl::DoConfigurationSyncCycleJob] Blocked types:  and types to download: History, Encryption Keys
2026-04-29 04:43:26.216: [INFO][SyncEngineBackend::DoFinishConfigureDataTypes] Failed to download types:  and succeeded types: History, Encryption Keys
2026-04-29 04:43:26.220: [INFO][Sync] ConfigurationDone, failed: , succeeded: History, Encryption Keys, remaining count: 0
2026-04-29 04:43:26.223: [INFO][Sync]     Configuration completed, state: 7
2026-04-29 04:43:26.223: [INFO][Sync] Configured DataTypeManager: Ok
2026-04-29 04:43:26.227: [INFO][SyncEngineBackend::DoStartSyncing] Start syncing
2026-04-29 04:46:05.835: [INFO][Sync] Reset engine, reason: 0
2026-04-29 04:46:05.835: [INFO][Sync] Reset engine with reason: 0
2026-04-29 06:39:55.116: [INFO][Sync] SyncState after authenticated was: FeatureCanStart
2026-04-29 06:39:57.694: [INFO][SyncAuthManager::SetLastAuthError] Current auth error: None
2026-04-29 06:39:57.694: [INFO][SyncAuthManager::EdgeLogTokenErrorState] Token error with: None for account type: MSA
2026-04-29 06:39:57.694: [INFO][Sync] Credentials changed for: EdgeSyncKeyDataScope
2026-04-29 06:40:05.111: [INFO][Sync] Try to start sync engine
2026-04-29 06:40:05.121: [INFO][SyncManagerImpl::NudgeForInitialDownload] Initial download nudge for Encryption Keys
2026-04-29 06:40:05.121: [INFO][SyncEngineBackend::LoadAndConnectNigoriController] Load and connect Nigori controller
2026-04-29 06:40:05.121: [INFO][SyncEngineBackend::DoInitialize] Control Types added: Encryption Keys
2026-04-29 06:40:05.121: [INFO][SyncManagerImpl::ConfigureSyncer] Types to download: Encryption Keys with reason: 3
2026-04-29 06:40:05.121: [INFO][SyncEngineBackend::DoUpdateKeyDataCredentials] Update key data credentials
2026-04-29 06:40:05.121: [INFO][SyncSchedulerImpl::DoConfigurationSyncCycleJob] Configure job was blocked
2026-04-29 06:40:05.124: [INFO][SyncAuthManager::SetLastAuthError] Current auth error: None
2026-04-29 06:40:05.124: [INFO][SyncAuthManager::EdgeLogTokenErrorState] Token error with: None for account type: MSA
2026-04-29 06:40:05.124: [INFO][Sync] Credentials changed for: EdgeSyncScopeNew
2026-04-29 06:40:05.124: [INFO][SyncEngineBackend::DoUpdateCredentials] Update credentials
2026-04-29 06:40:05.124: [INFO][SyncSchedulerImpl::DoConfigurationSyncCycleJob] Blocked types:  and types to download: Encryption Keys
2026-04-29 06:40:06.229: [INFO][SyncEngineBackend::DoUpdateKeyDataCredentials] Update key data credentials
2026-04-29 06:40:06.260: [INFO][Sync] Started DataTypeManager configuration, reason: 4
2026-04-29 06:40:06.261: [INFO][Sync] Configuring for: Bookmarks, Preferences, Passwords, Autofill Profiles, Autofill, Extensions, Sessions, Extension settings, History Delete Directives, Device Info, User Consents, Send Tab To Self, Web Apps, History, Saved Tab Group, WebAuthn Credentials, Collection, Edge E Drop, Edge Hub App Usage, Edge Wallet, Edge Workspace, Encryption Keys, reason: 4, current state: 0
2026-04-29 06:40:06.261: [WARN][Sync] Crypto error data types: Passwords, Autofill Profiles, Autofill
2026-04-29 06:40:06.268: [INFO][Sync] Configure, desired: Bookmarks, Preferences, Extensions, Sessions, Extension settings, History Delete Directives, Device Info, User Consents, Send Tab To Self, Web Apps, History, Saved Tab Group, WebAuthn Credentials, Collection, Edge E Drop, Edge Hub App Usage, Edge Wallet, Edge Workspace, Encryption Keys; Allow fail: Passwords, Autofill Profiles, Autofill
2026-04-29 06:40:06.269: [INFO][Sync] Loading: Bookmarks
2026-04-29 06:40:06.269: [INFO][Sync] Loading: Preferences
2026-04-29 06:40:06.269: [INFO][Sync] Loading: Extensions
2026-04-29 06:40:06.269: [INFO][Sync] Loading: Sessions
2026-04-29 06:40:06.270: [INFO][Sync] Loading: Extension settings
2026-04-29 06:40:06.270: [INFO][Sync] Loading: History Delete Directives
2026-04-29 06:40:06.270: [INFO][Sync] Loading: Device Info
2026-04-29 06:40:06.270: [INFO][Sync] Loading: User Consents
2026-04-29 06:40:06.270: [INFO][Sync] Loading: Send Tab To Self
2026-04-29 06:40:06.270: [INFO][Sync] Loading: Web Apps
2026-04-29 06:40:06.270: [INFO][Sync] Loading: History
2026-04-29 06:40:06.270: [INFO][Sync] Loading: Saved Tab Group
2026-04-29 06:40:06.270: [INFO][Sync] Loading: WebAuthn Credentials
2026-04-29 06:40:06.270: [INFO][Sync] Loading: Collection
2026-04-29 06:40:06.270: [INFO][Sync] Loading: Edge E Drop
2026-04-29 06:40:06.270: [INFO][Sync] Loading: Edge Hub App Usage
2026-04-29 06:40:06.270: [INFO][Sync] Loading: Edge Wallet
2026-04-29 06:40:06.270: [INFO][Sync] Loading: Edge Workspace
2026-04-29 06:40:06.295: [INFO][Sync] All data types are ready for configure.
2026-04-29 06:40:07.361: [INFO][Sync] Started DataTypeManager configuration, reason: 5
2026-04-29 06:40:07.361: [INFO][Sync] Configuring for: Bookmarks, Preferences, Passwords, Autofill Profiles, Autofill, Extensions, Sessions, Extension settings, History Delete Directives, Device Info, User Consents, Send Tab To Self, Web Apps, History, Saved Tab Group, WebAuthn Credentials, Collection, Edge E Drop, Edge Hub App Usage, Edge Wallet, Edge Workspace, Encryption Keys, reason: 5, current state: 1
2026-04-29 06:40:07.364: [INFO][SyncEngineBackend::DoStartConfiguration] Start configuration
2026-04-29 06:40:07.364: [INFO][SyncManagerImpl::ConfigureSyncer] Types to download:  with reason: 4
2026-04-29 06:40:07.365: [INFO][SyncEngineBackend::DoFinishConfigureDataTypes] Failed to download types:  and succeeded types: 
2026-04-29 06:40:07.370: [INFO][Sync] ConfigurationDone, failed: , succeeded: , remaining count: 4
2026-04-29 06:40:07.370: [WARN][Sync]     Reconfigure requested while configuration ongoing.
2026-04-29 06:40:07.370: [INFO][Sync] Configuring for: Bookmarks, Preferences, Passwords, Autofill Profiles, Autofill, Extensions, Sessions, Extension settings, History Delete Directives, Device Info, User Consents, Send Tab To Self, Web Apps, History, Saved Tab Group, WebAuthn Credentials, Collection, Edge E Drop, Edge Hub App Usage, Edge Wallet, Edge Workspace, Encryption Keys, reason: 5, current state: 2
2026-04-29 06:40:07.370: [INFO][Sync] Configure, desired: Bookmarks, Preferences, Passwords, Autofill Profiles, Autofill, Extensions, Sessions, Extension settings, History Delete Directives, Device Info, User Consents, Send Tab To Self, Web Apps, History, Saved Tab Group, WebAuthn Credentials, Collection, Edge E Drop, Edge Hub App Usage, Edge Wallet, Edge Workspace, Encryption Keys; Allow fail: 
2026-04-29 06:40:07.370: [INFO][Sync] Loading: Passwords
2026-04-29 06:40:07.370: [INFO][Sync] Loading: Autofill Profiles
2026-04-29 06:40:07.370: [INFO][Sync] Loading: Autofill
2026-04-29 06:40:07.370: [INFO][Sync] All data types are ready for configure.
2026-04-29 06:40:07.370: [INFO][SyncManagerImpl::NudgeForInitialDownload] Initial download nudge for Passwords
2026-04-29 06:40:07.371: [INFO][SyncManagerImpl::ConfigureSyncer] Types to download:  with reason: 5
2026-04-29 06:40:07.371: [INFO][SyncEngineBackend::DoFinishConfigureDataTypes] Failed to download types:  and succeeded types: 
2026-04-29 06:40:07.371: [INFO][Sync] ConfigurationDone, failed: , succeeded: , remaining count: 4
2026-04-29 06:40:07.371: [INFO][Sync] Prepare to configure types: Passwords, Encryption Keys
2026-04-29 06:40:07.371: [INFO][SyncManagerImpl::ConfigureSyncer] Types to download: Passwords, Encryption Keys with reason: 5
2026-04-29 06:40:07.371: [INFO][SyncSchedulerImpl::DoConfigurationSyncCycleJob] Blocked types:  and types to download: Passwords, Encryption Keys
2026-04-29 06:40:07.684: [INFO][SyncEngineBackend::DoFinishConfigureDataTypes] Failed to download types:  and succeeded types: Passwords, Encryption Keys
2026-04-29 06:40:07.689: [INFO][Sync] ConfigurationDone, failed: , succeeded: Passwords, Encryption Keys, remaining count: 3
2026-04-29 06:40:07.689: [INFO][SyncManagerImpl::ConfigureSyncer] Types to download:  with reason: 5
2026-04-29 06:40:07.689: [INFO][SyncEngineBackend::DoFinishConfigureDataTypes] Failed to download types:  and succeeded types: 
2026-04-29 06:40:07.689: [INFO][Sync] ConfigurationDone, failed: , succeeded: , remaining count: 2
2026-04-29 06:40:07.689: [INFO][SyncManagerImpl::ConfigureSyncer] Types to download:  with reason: 5
2026-04-29 06:40:07.689: [INFO][SyncEngineBackend::DoFinishConfigureDataTypes] Failed to download types:  and succeeded types: 
2026-04-29 06:40:07.692: [INFO][Sync] ConfigurationDone, failed: , succeeded: , remaining count: 1
2026-04-29 06:40:07.698: [INFO][SyncManagerImpl::ConfigureSyncer] Types to download:  with reason: 5
2026-04-29 06:40:07.698: [INFO][SyncEngineBackend::DoFinishConfigureDataTypes] Failed to download types:  and succeeded types: 
2026-04-29 06:40:07.700: [INFO][Sync] ConfigurationDone, failed: , succeeded: , remaining count: 0
2026-04-29 06:40:07.703: [INFO][Sync]     Configuration completed, state: 7
2026-04-29 06:40:07.703: [INFO][Sync] Configured DataTypeManager: Ok
2026-04-29 06:40:07.708: [INFO][SyncEngineBackend::DoStartSyncing] Start syncing
2026-04-29 08:22:55.861: [INFO][SyncSchedulerImpl::OnSyncNetworkError] Syncer error: Network error (ERR_NETWORK_CHANGED)
2026-04-29 08:22:55.864: [INFO][Commit::ReportFullCommitFailure] Commit Device Info failed with error: NetworkError
2026-04-29 08:22:55.885: [INFO][SyncSchedulerImpl::DoNudgeSyncCycleJob] Syncer error: Network error (ERR_NETWORK_CHANGED)
2026-04-29 08:22:55.986: [WARN][Sync] NetworkError: Network error (ERR_NETWORK_CHANGED)
2026-04-29 08:23:00.757: [INFO][SyncSchedulerImpl::OnSyncNetworkError] Syncer error: Network error (ERR_NAME_NOT_RESOLVED)
2026-04-29 08:23:00.757: [INFO][Commit::ReportFullCommitFailure] Commit Device Info failed with error: NetworkError
2026-04-29 08:23:00.757: [INFO][SyncSchedulerImpl::DoNudgeSyncCycleJob] Syncer error: Network error (ERR_NAME_NOT_RESOLVED)
2026-04-29 08:23:00.761: [WARN][Sync] NetworkError: Network error (ERR_NAME_NOT_RESOLVED)
2026-04-29 08:23:00.779: [INFO][SyncSchedulerImpl::OnSyncNetworkError] Syncer error: Network error (ERR_NAME_NOT_RESOLVED)
2026-04-29 08:23:00.779: [INFO][Commit::ReportFullCommitFailure] Commit Device Info failed with error: NetworkError
2026-04-29 08:23:00.780: [INFO][SyncSchedulerImpl::DoNudgeSyncCycleJob] Syncer error: Network error (ERR_NAME_NOT_RESOLVED)
2026-04-29 08:23:00.783: [WARN][Sync] NetworkError: Network error (ERR_NAME_NOT_RESOLVED)
2026-04-29 08:23:18.234: [INFO][SyncSchedulerImpl::OnSyncNetworkError] Syncer error: Network error (ERR_NETWORK_CHANGED)
2026-04-29 08:23:18.234: [INFO][Commit::ReportFullCommitFailure] Commit Device Info failed with error: NetworkError
2026-04-29 08:23:18.235: [INFO][SyncSchedulerImpl::DoNudgeSyncCycleJob] Syncer error: Network error (ERR_NETWORK_CHANGED)
2026-04-29 08:23:18.244: [WARN][Sync] NetworkError: Network error (ERR_NETWORK_CHANGED)
2026-04-29 08:23:30.873: [INFO][SyncSchedulerImpl::OnSyncNetworkError] Syncer error: Network error (ERR_NETWORK_CHANGED)
2026-04-29 08:23:30.873: [INFO][Commit::ReportFullCommitFailure] Commit Device Info failed with error: NetworkError
2026-04-29 08:23:30.873: [INFO][SyncSchedulerImpl::DoNudgeSyncCycleJob] Syncer error: Network error (ERR_NETWORK_CHANGED)
2026-04-29 08:23:30.878: [WARN][Sync] NetworkError: Network error (ERR_NETWORK_CHANGED)
2026-04-29 08:23:33.196: [INFO][SyncSchedulerImpl::OnSyncNetworkError] Syncer error: Network error (ERR_INTERNET_DISCONNECTED)
2026-04-29 08:23:33.196: [INFO][Commit::ReportFullCommitFailure] Commit Device Info failed with error: NetworkError
2026-04-29 08:23:33.196: [INFO][SyncSchedulerImpl::DoNudgeSyncCycleJob] Syncer error: Network error (ERR_INTERNET_DISCONNECTED)
2026-04-29 08:23:33.202: [WARN][Sync] NetworkError: Network error (ERR_INTERNET_DISCONNECTED)
2026-04-29 08:23:33.225: [INFO][SyncSchedulerImpl::OnSyncNetworkError] Syncer error: Network error (ERR_INTERNET_DISCONNECTED)
2026-04-29 08:23:33.225: [INFO][Commit::ReportFullCommitFailure] Commit Device Info failed with error: NetworkError
2026-04-29 08:23:33.225: [INFO][SyncSchedulerImpl::DoNudgeSyncCycleJob] Syncer error: Network error (ERR_INTERNET_DISCONNECTED)
2026-04-29 08:23:33.228: [WARN][Sync] NetworkError: Network error (ERR_INTERNET_DISCONNECTED)
2026-04-29 08:23:44.793: [INFO][SyncSchedulerImpl::OnSyncNetworkError] Syncer error: Network error (ERR_NAME_NOT_RESOLVED)
2026-04-29 08:23:44.793: [INFO][Commit::ReportFullCommitFailure] Commit Device Info failed with error: NetworkError
2026-04-29 08:23:44.793: [INFO][SyncSchedulerImpl::DoNudgeSyncCycleJob] Syncer error: Network error (ERR_NAME_NOT_RESOLVED)
2026-04-29 08:23:44.798: [WARN][Sync] NetworkError: Network error (ERR_NAME_NOT_RESOLVED)
2026-04-29 08:23:45.843: [INFO][SyncSchedulerImpl::OnSyncNetworkError] Syncer error: Network error (ERR_NAME_NOT_RESOLVED)
2026-04-29 08:23:45.843: [INFO][Commit::ReportFullCommitFailure] Commit Device Info failed with error: NetworkError
2026-04-29 08:23:45.843: [INFO][SyncSchedulerImpl::DoNudgeSyncCycleJob] Syncer error: Network error (ERR_NAME_NOT_RESOLVED)
2026-04-29 08:23:45.848: [WARN][Sync] NetworkError: Network error (ERR_NAME_NOT_RESOLVED)
2026-04-29 10:00:32.389: [INFO][SyncSchedulerImpl::OnSyncNetworkError] Syncer error: Network error (ERR_NETWORK_IO_SUSPENDED)
2026-04-29 10:00:32.389: [INFO][Commit::ReportFullCommitFailure] Commit Device Info failed with error: NetworkError
2026-04-29 10:00:32.392: [INFO][SyncSchedulerImpl::DoNudgeSyncCycleJob] Syncer error: Network error (ERR_NETWORK_IO_SUSPENDED)
2026-04-29 10:00:32.489: [WARN][Sync] NetworkError: Network error (ERR_NETWORK_IO_SUSPENDED)
2026-04-29 11:47:09.105: [INFO][Sync] Reset engine, reason: 0
2026-04-29 11:47:09.105: [INFO][Sync] Reset engine with reason: 0
